<?xml version="1.0" encoding="UTF-8" ?>
<testsuite failures="0" time="0.014" errors="0" skipped="0" tests="5" name="com.youdevise.fbplugins.deprecate3rdparty.DeprecatedSettingsReaderTest">
  <properties>
    <property name="java.runtime.name" value="Java(TM) SE Runtime Environment"/>
    <property name="sun.boot.library.path" value="/usr/lib/jvm/java-6-sun-1.6.0.24/jre/lib/amd64"/>
    <property name="java.vm.version" value="19.1-b02"/>
    <property name="java.vm.vendor" value="Sun Microsystems Inc."/>
    <property name="java.vendor.url" value="http://java.sun.com/"/>
    <property name="path.separator" value=":"/>
    <property name="java.vm.name" value="Java HotSpot(TM) 64-Bit Server VM"/>
    <property name="file.encoding.pkg" value="sun.io"/>
    <property name="user.country" value="GB"/>
    <property name="sun.java.launcher" value="SUN_STANDARD"/>
    <property name="sun.os.patch.level" value="unknown"/>
    <property name="java.vm.specification.name" value="Java Virtual Machine Specification"/>
    <property name="user.dir" value="/home/gallan/dev/workspaces/scratchpad/findbugsDeprecate3rdParty"/>
    <property name="java.runtime.version" value="1.6.0_24-b07"/>
    <property name="java.awt.graphicsenv" value="sun.awt.X11GraphicsEnvironment"/>
    <property name="basedir" value="/home/gallan/dev/workspaces/scratchpad/findbugsDeprecate3rdParty"/>
    <property name="java.endorsed.dirs" value="/usr/lib/jvm/java-6-sun-1.6.0.24/jre/lib/endorsed"/>
    <property name="os.arch" value="amd64"/>
    <property name="surefire.real.class.path" value="/tmp/surefirebooter6866253847431091247.jar"/>
    <property name="java.io.tmpdir" value="/tmp"/>
    <property name="line.separator" value="
"/>
    <property name="java.vm.specification.vendor" value="Sun Microsystems Inc."/>
    <property name="os.name" value="Linux"/>
    <property name="sun.jnu.encoding" value="UTF-8"/>
    <property name="java.library.path" value="/usr/lib/jvm/java-6-sun-1.6.0.24/jre/lib/amd64/server:/usr/lib/jvm/java-6-sun-1.6.0.24/jre/lib/amd64:/usr/lib/jvm/java-6-sun-1.6.0.24/jre/../lib/amd64:/usr/java/packages/lib/amd64:/usr/lib64:/lib64:/lib:/usr/lib"/>
    <property name="surefire.test.class.path" value="/home/gallan/dev/workspaces/scratchpad/findbugsDeprecate3rdParty/target/test-classes:/home/gallan/dev/workspaces/scratchpad/findbugsDeprecate3rdParty/target/classes:/home/gallan/.m2/repository/com/google/code/findbugs/bcel/1.3.8/bcel-1.3.8.jar:/home/gallan/.m2/repository/com/google/code/findbugs/jsr305/1.3.8/jsr305-1.3.8.jar:/home/gallan/.m2/repository/com/google/code/findbugs/jFormatString/1.3.8/jFormatString-1.3.8.jar:/home/gallan/.m2/repository/com/google/code/findbugs/annotations/1.3.8/annotations-1.3.8.jar:/home/gallan/.m2/repository/dom4j/dom4j/1.6.1/dom4j-1.6.1.jar:/home/gallan/.m2/repository/xml-apis/xml-apis/1.0.b2/xml-apis-1.0.b2.jar:/home/gallan/.m2/repository/jaxen/jaxen/1.1.1/jaxen-1.1.1.jar:/home/gallan/.m2/repository/jdom/jdom/1.0/jdom-1.0.jar:/home/gallan/.m2/repository/xerces/xercesImpl/2.6.2/xercesImpl-2.6.2.jar:/home/gallan/.m2/repository/xom/xom/1.0/xom-1.0.jar:/home/gallan/.m2/repository/xerces/xmlParserAPIs/2.6.2/xmlParserAPIs-2.6.2.jar:/home/gallan/.m2/repository/xalan/xalan/2.6.0/xalan-2.6.0.jar:/home/gallan/.m2/repository/com/ibm/icu/icu4j/2.6.1/icu4j-2.6.1.jar:/home/gallan/.m2/repository/asm/asm/3.1/asm-3.1.jar:/home/gallan/.m2/repository/asm/asm-analysis/3.1/asm-analysis-3.1.jar:/home/gallan/.m2/repository/asm/asm-tree/3.1/asm-tree-3.1.jar:/home/gallan/.m2/repository/asm/asm-commons/3.1/asm-commons-3.1.jar:/home/gallan/.m2/repository/asm/asm-util/3.1/asm-util-3.1.jar:/home/gallan/.m2/repository/asm/asm-xml/3.1/asm-xml-3.1.jar:/home/gallan/.m2/repository/commons-lang/commons-lang/2.4/commons-lang-2.4.jar:/home/gallan/.m2/repository/com/google/code/findbugs/findbugs/1.3.9/findbugs-1.3.9.jar:/home/gallan/.m2/repository/org/mockito/mockito-core/1.8.4/mockito-core-1.8.4.jar:/home/gallan/.m2/repository/org/hamcrest/hamcrest-all/1.1/hamcrest-all-1.1.jar:/home/gallan/.m2/repository/org/objenesis/objenesis/1.0/objenesis-1.0.jar:/home/gallan/.m2/repository/junit/junit-dep/4.8.2/junit-dep-4.8.2.jar:/home/gallan/.m2/repository/org/hamcrest/hamcrest-core/1.2/hamcrest-core-1.2.jar:/home/gallan/.m2/repository/com/youdevise/test-driven-detectors4findbugs/0.2-SNAPSHOT/test-driven-detectors4findbugs-0.2-SNAPSHOT.jar:"/>
    <property name="java.specification.name" value="Java Platform API Specification"/>
    <property name="java.class.version" value="50.0"/>
    <property name="sun.management.compiler" value="HotSpot 64-Bit Server Compiler"/>
    <property name="os.version" value="2.6.32-25-server"/>
    <property name="user.home" value="/home/gallan"/>
    <property name="user.timezone" value=""/>
    <property name="java.awt.printerjob" value="sun.print.PSPrinterJob"/>
    <property name="file.encoding" value="UTF-8"/>
    <property name="java.specification.version" value="1.6"/>
    <property name="user.name" value="gallan"/>
    <property name="java.class.path" value="/home/gallan/dev/workspaces/scratchpad/findbugsDeprecate3rdParty/target/test-classes:/home/gallan/dev/workspaces/scratchpad/findbugsDeprecate3rdParty/target/classes:/home/gallan/.m2/repository/com/google/code/findbugs/bcel/1.3.8/bcel-1.3.8.jar:/home/gallan/.m2/repository/com/google/code/findbugs/jsr305/1.3.8/jsr305-1.3.8.jar:/home/gallan/.m2/repository/com/google/code/findbugs/jFormatString/1.3.8/jFormatString-1.3.8.jar:/home/gallan/.m2/repository/com/google/code/findbugs/annotations/1.3.8/annotations-1.3.8.jar:/home/gallan/.m2/repository/dom4j/dom4j/1.6.1/dom4j-1.6.1.jar:/home/gallan/.m2/repository/xml-apis/xml-apis/1.0.b2/xml-apis-1.0.b2.jar:/home/gallan/.m2/repository/jaxen/jaxen/1.1.1/jaxen-1.1.1.jar:/home/gallan/.m2/repository/jdom/jdom/1.0/jdom-1.0.jar:/home/gallan/.m2/repository/xerces/xercesImpl/2.6.2/xercesImpl-2.6.2.jar:/home/gallan/.m2/repository/xom/xom/1.0/xom-1.0.jar:/home/gallan/.m2/repository/xerces/xmlParserAPIs/2.6.2/xmlParserAPIs-2.6.2.jar:/home/gallan/.m2/repository/xalan/xalan/2.6.0/xalan-2.6.0.jar:/home/gallan/.m2/repository/com/ibm/icu/icu4j/2.6.1/icu4j-2.6.1.jar:/home/gallan/.m2/repository/asm/asm/3.1/asm-3.1.jar:/home/gallan/.m2/repository/asm/asm-analysis/3.1/asm-analysis-3.1.jar:/home/gallan/.m2/repository/asm/asm-tree/3.1/asm-tree-3.1.jar:/home/gallan/.m2/repository/asm/asm-commons/3.1/asm-commons-3.1.jar:/home/gallan/.m2/repository/asm/asm-util/3.1/asm-util-3.1.jar:/home/gallan/.m2/repository/asm/asm-xml/3.1/asm-xml-3.1.jar:/home/gallan/.m2/repository/commons-lang/commons-lang/2.4/commons-lang-2.4.jar:/home/gallan/.m2/repository/com/google/code/findbugs/findbugs/1.3.9/findbugs-1.3.9.jar:/home/gallan/.m2/repository/org/mockito/mockito-core/1.8.4/mockito-core-1.8.4.jar:/home/gallan/.m2/repository/org/hamcrest/hamcrest-all/1.1/hamcrest-all-1.1.jar:/home/gallan/.m2/repository/org/objenesis/objenesis/1.0/objenesis-1.0.jar:/home/gallan/.m2/repository/junit/junit-dep/4.8.2/junit-dep-4.8.2.jar:/home/gallan/.m2/repository/org/hamcrest/hamcrest-core/1.2/hamcrest-core-1.2.jar:/home/gallan/.m2/repository/com/youdevise/test-driven-detectors4findbugs/0.2-SNAPSHOT/test-driven-detectors4findbugs-0.2-SNAPSHOT.jar:"/>
    <property name="java.vm.specification.version" value="1.0"/>
    <property name="sun.arch.data.model" value="64"/>
    <property name="java.home" value="/usr/lib/jvm/java-6-sun-1.6.0.24/jre"/>
    <property name="java.specification.vendor" value="Sun Microsystems Inc."/>
    <property name="user.language" value="en"/>
    <property name="java.vm.info" value="mixed mode"/>
    <property name="java.version" value="1.6.0_24"/>
    <property name="java.ext.dirs" value="/usr/lib/jvm/java-6-sun-1.6.0.24/jre/lib/ext:/usr/java/packages/lib/ext"/>
    <property name="sun.boot.class.path" value="/usr/lib/jvm/java-6-sun-1.6.0.24/jre/lib/resources.jar:/usr/lib/jvm/java-6-sun-1.6.0.24/jre/lib/rt.jar:/usr/lib/jvm/java-6-sun-1.6.0.24/jre/lib/sunrsasign.jar:/usr/lib/jvm/java-6-sun-1.6.0.24/jre/lib/jsse.jar:/usr/lib/jvm/java-6-sun-1.6.0.24/jre/lib/jce.jar:/usr/lib/jvm/java-6-sun-1.6.0.24/jre/lib/charsets.jar:/usr/lib/jvm/java-6-sun-1.6.0.24/jre/lib/modules/jdk.boot.jar:/usr/lib/jvm/java-6-sun-1.6.0.24/jre/classes"/>
    <property name="java.vendor" value="Sun Microsystems Inc."/>
    <property name="localRepository" value="/home/gallan/.m2/repository"/>
    <property name="file.separator" value="/"/>
    <property name="java.vendor.url.bug" value="http://java.sun.com/cgi-bin/bugreport.cgi"/>
    <property name="sun.cpu.endian" value="little"/>
    <property name="sun.io.unicode.encoding" value="UnicodeLittle"/>
    <property name="sun.desktop" value="gnome"/>
    <property name="sun.cpu.isalist" value=""/>
  </properties>
  <testcase time="0.003" classname="com.youdevise.fbplugins.deprecate3rdparty.DeprecatedSettingsReaderTest" name="invalidWhenTheFileDoesNotExist"/>
  <testcase time="0" classname="com.youdevise.fbplugins.deprecate3rdparty.DeprecatedSettingsReaderTest" name="invalidWhenTheFileHasNoContents"/>
  <testcase time="0.005" classname="com.youdevise.fbplugins.deprecate3rdparty.DeprecatedSettingsReaderTest" name="validWhenSettingsHasAClassToDeprecate"/>
  <testcase time="0.001" classname="com.youdevise.fbplugins.deprecate3rdparty.DeprecatedSettingsReaderTest" name="invalidWhenLineDoesntContainValidClassName"/>
  <testcase time="0.001" classname="com.youdevise.fbplugins.deprecate3rdparty.DeprecatedSettingsReaderTest" name="validWhenContainsValidClassNameAndSomeBlankLines"/>
</testsuite>